<?xml version="1.0" encoding="UTF-8"?>
<testng-results ignored="0" total="1" passed="1" failed="0" skipped="0">
  <reporter-output>
  </reporter-output>
  <suite started-at="2020-06-21T22:57:54 IST" name="Default suite" finished-at="2020-06-21T22:57:54 IST" duration-ms="39">
    <groups>
    </groups>
    <test started-at="2020-06-21T22:57:54 IST" name="Default test" finished-at="2020-06-21T22:57:54 IST" duration-ms="39">
      <class name="textng.Testng_annotation">
        <test-method is-config="true" signature="beforeSuite()[pri:0, instance:textng.Testng_annotation@6bf0219d]" started-at="2020-06-21T22:57:54 IST" name="beforeSuite" finished-at="2020-06-21T22:57:54 IST" duration-ms="21" status="PASS">
          <reporter-output>
          </reporter-output>
        </test-method> <!-- beforeSuite -->
        <test-method signature="fun1()[pri:0, instance:textng.Testng_annotation@6bf0219d]" started-at="2020-06-21T22:57:54 IST" name="fun1" finished-at="2020-06-21T22:57:54 IST" duration-ms="6" status="PASS">
          <reporter-output>
          </reporter-output>
        </test-method> <!-- fun1 -->
        <test-method is-config="true" signature="afterSuite()[pri:0, instance:textng.Testng_annotation@6bf0219d]" started-at="2020-06-21T22:57:54 IST" name="afterSuite" finished-at="2020-06-21T22:57:54 IST" duration-ms="1" status="PASS">
          <reporter-output>
          </reporter-output>
        </test-method> <!-- afterSuite -->
      </class> <!-- textng.Testng_annotation -->
    </test> <!-- Default test -->
  </suite> <!-- Default suite -->
</testng-results>
