<?xml version="1.0" encoding="UTF-8"?>
<testng-results ignored="0" total="2" passed="2" failed="0" skipped="0">
  <reporter-output>
  </reporter-output>
  <suite started-at="2020-06-12T20:07:59 IST" name="Default suite" finished-at="2020-06-12T20:08:31 IST" duration-ms="32347">
    <groups>
    </groups>
    <test started-at="2020-06-12T20:07:59 IST" name="Default test" finished-at="2020-06-12T20:08:31 IST" duration-ms="32347">
      <class name="testing_dependency_2.Page2">
        <test-method is-config="true" signature="setUp()[pri:0, instance:testing_dependency_2.Page2@41c2284a]" started-at="2020-06-12T20:07:59 IST" name="setUp" finished-at="2020-06-12T20:08:01 IST" duration-ms="2166" status="PASS">
          <reporter-output>
          </reporter-output>
        </test-method> <!-- setUp -->
        <test-method signature="fun2()[pri:0, instance:testing_dependency_2.Page2@41c2284a]" started-at="2020-06-12T20:08:01 IST" name="fun2" finished-at="2020-06-12T20:08:11 IST" duration-ms="10090" status="PASS">
          <reporter-output>
          </reporter-output>
        </test-method> <!-- fun2 -->
        <test-method is-config="true" signature="teardown()[pri:0, instance:testing_dependency_2.Page2@41c2284a]" started-at="2020-06-12T20:08:11 IST" name="teardown" finished-at="2020-06-12T20:08:11 IST" duration-ms="173" status="PASS">
          <reporter-output>
          </reporter-output>
        </test-method> <!-- teardown -->
        <test-method is-config="true" signature="setUp()[pri:0, instance:testing_dependency_2.Page2@41c2284a]" started-at="2020-06-12T20:08:11 IST" name="setUp" finished-at="2020-06-12T20:08:13 IST" duration-ms="1293" status="PASS">
          <reporter-output>
          </reporter-output>
        </test-method> <!-- setUp -->
        <test-method signature="fun1()[pri:0, instance:testing_dependency_2.Page2@41c2284a]" started-at="2020-06-12T20:08:13 IST" name="fun1" finished-at="2020-06-12T20:08:31 IST" depends-on-methods="testing_dependency_2.Page2.fun2" duration-ms="18443" status="PASS">
          <reporter-output>
          </reporter-output>
        </test-method> <!-- fun1 -->
        <test-method is-config="true" signature="teardown()[pri:0, instance:testing_dependency_2.Page2@41c2284a]" started-at="2020-06-12T20:08:31 IST" name="teardown" finished-at="2020-06-12T20:08:31 IST" duration-ms="129" status="PASS">
          <reporter-output>
          </reporter-output>
        </test-method> <!-- teardown -->
      </class> <!-- testing_dependency_2.Page2 -->
    </test> <!-- Default test -->
  </suite> <!-- Default suite -->
</testng-results>
