<?xml version="1.0" encoding="UTF-8"?>
<!-- Generated by org.testng.reporters.JUnitXMLReporter -->
<testsuite ignored="2" hostname="mech.local" failures="0" tests="1" name="Test" time="21.769" errors="0" timestamp="2019-12-15T20:18:35 GMT">
  <testcase classname="testing_dependency_2.Page2" name="fun3" time="19.373"/>
  <testcase classname="testing_dependency_2.Page2" name="fun2" time="0.0">
    <ignored/>
  </testcase> <!-- fun2 -->
  <testcase classname="testing_dependency_2.Page2" name="fun1" time="0.0">
    <ignored/>
  </testcase> <!-- fun1 -->
</testsuite> <!-- Test -->
