<?xml version="1.0" encoding="UTF-8"?>
<testng-results ignored="0" total="3" passed="3" failed="0" skipped="0">
  <reporter-output>
  </reporter-output>
  <suite started-at="2020-06-13T22:08:54 IST" name="Default suite" finished-at="2020-06-13T22:09:45 IST" duration-ms="51587">
    <groups>
      <group name="first">
        <method signature="Page2.fun1()[pri:0, instance:testing_dependency_2.Page2@6497b078]" name="fun1" class="testing_dependency_2.Page2"/>
      </group> <!-- first -->
      <group name="second">
        <method signature="Page2.fun3()[pri:0, instance:testing_dependency_2.Page2@6497b078]" name="fun3" class="testing_dependency_2.Page2"/>
      </group> <!-- second -->
    </groups>
    <test started-at="2020-06-13T22:08:54 IST" name="Default test" finished-at="2020-06-13T22:09:45 IST" duration-ms="51587">
      <class name="testing_dependency_2.Page2">
        <test-method is-config="true" signature="setUp()[pri:0, instance:testing_dependency_2.Page2@6497b078]" started-at="2020-06-13T22:08:54 IST" name="setUp" finished-at="2020-06-13T22:08:56 IST" duration-ms="2209" status="PASS">
          <reporter-output>
          </reporter-output>
        </test-method> <!-- setUp -->
        <test-method signature="fun1()[pri:0, instance:testing_dependency_2.Page2@6497b078]" started-at="2020-06-13T22:08:56 IST" name="fun1" finished-at="2020-06-13T22:09:11 IST" duration-ms="14959" status="PASS">
          <reporter-output>
          </reporter-output>
        </test-method> <!-- fun1 -->
        <test-method is-config="true" signature="teardown()[pri:0, instance:testing_dependency_2.Page2@6497b078]" started-at="2020-06-13T22:09:11 IST" name="teardown" finished-at="2020-06-13T22:09:11 IST" duration-ms="169" status="PASS">
          <reporter-output>
          </reporter-output>
        </test-method> <!-- teardown -->
        <test-method is-config="true" signature="setUp()[pri:0, instance:testing_dependency_2.Page2@6497b078]" started-at="2020-06-13T22:09:11 IST" name="setUp" finished-at="2020-06-13T22:09:12 IST" duration-ms="1359" status="PASS">
          <reporter-output>
          </reporter-output>
        </test-method> <!-- setUp -->
        <test-method signature="fun2()[pri:0, instance:testing_dependency_2.Page2@6497b078]" started-at="2020-06-13T22:09:12 IST" name="fun2" finished-at="2020-06-13T22:09:24 IST" duration-ms="12025" status="PASS">
          <reporter-output>
          </reporter-output>
        </test-method> <!-- fun2 -->
        <test-method is-config="true" signature="teardown()[pri:0, instance:testing_dependency_2.Page2@6497b078]" started-at="2020-06-13T22:09:24 IST" name="teardown" finished-at="2020-06-13T22:09:25 IST" duration-ms="184" status="PASS">
          <reporter-output>
          </reporter-output>
        </test-method> <!-- teardown -->
        <test-method is-config="true" signature="setUp()[pri:0, instance:testing_dependency_2.Page2@6497b078]" started-at="2020-06-13T22:09:25 IST" name="setUp" finished-at="2020-06-13T22:09:26 IST" duration-ms="1378" status="PASS">
          <reporter-output>
          </reporter-output>
        </test-method> <!-- setUp -->
        <test-method signature="fun3()[pri:0, instance:testing_dependency_2.Page2@6497b078]" started-at="2020-06-13T22:09:26 IST" name="fun3" finished-at="2020-06-13T22:09:45 IST" duration-ms="19098" status="PASS">
          <reporter-output>
          </reporter-output>
        </test-method> <!-- fun3 -->
        <test-method is-config="true" signature="teardown()[pri:0, instance:testing_dependency_2.Page2@6497b078]" started-at="2020-06-13T22:09:45 IST" name="teardown" finished-at="2020-06-13T22:09:45 IST" duration-ms="162" status="PASS">
          <reporter-output>
          </reporter-output>
        </test-method> <!-- teardown -->
      </class> <!-- testing_dependency_2.Page2 -->
    </test> <!-- Default test -->
  </suite> <!-- Default suite -->
</testng-results>
