<?xml version="1.0" encoding="UTF-8"?>
<testng-results ignored="0" total="3" passed="3" failed="0" skipped="0">
  <reporter-output>
  </reporter-output>
  <suite started-at="2020-06-13T22:15:07 IST" name="Default suite" finished-at="2020-06-13T22:16:04 IST" duration-ms="57032">
    <groups>
      <group name="first">
        <method signature="Page2.fun1()[pri:0, instance:testing_dependency_2.Page2@6497b078]" name="fun1" class="testing_dependency_2.Page2"/>
      </group> <!-- first -->
      <group name="second">
        <method signature="Page2.fun4()[pri:0, instance:testing_dependency_2.Page2@6497b078]" name="fun4" class="testing_dependency_2.Page2"/>
      </group> <!-- second -->
    </groups>
    <test started-at="2020-06-13T22:15:07 IST" name="Default test" finished-at="2020-06-13T22:16:04 IST" duration-ms="57032">
      <class name="testing_dependency_2.Page2">
        <test-method is-config="true" signature="setUp()[pri:0, instance:testing_dependency_2.Page2@6497b078]" started-at="2020-06-13T22:15:07 IST" name="setUp" finished-at="2020-06-13T22:15:09 IST" duration-ms="2121" status="PASS">
          <reporter-output>
          </reporter-output>
        </test-method> <!-- setUp -->
        <test-method signature="fun1()[pri:0, instance:testing_dependency_2.Page2@6497b078]" started-at="2020-06-13T22:15:09 IST" name="fun1" finished-at="2020-06-13T22:15:28 IST" duration-ms="18868" status="PASS">
          <reporter-output>
          </reporter-output>
        </test-method> <!-- fun1 -->
        <test-method is-config="true" signature="teardown()[pri:0, instance:testing_dependency_2.Page2@6497b078]" started-at="2020-06-13T22:15:28 IST" name="teardown" finished-at="2020-06-13T22:15:28 IST" duration-ms="173" status="PASS">
          <reporter-output>
          </reporter-output>
        </test-method> <!-- teardown -->
        <test-method is-config="true" signature="setUp()[pri:0, instance:testing_dependency_2.Page2@6497b078]" started-at="2020-06-13T22:15:28 IST" name="setUp" finished-at="2020-06-13T22:15:30 IST" duration-ms="1293" status="PASS">
          <reporter-output>
          </reporter-output>
        </test-method> <!-- setUp -->
        <test-method signature="fun2()[pri:0, instance:testing_dependency_2.Page2@6497b078]" started-at="2020-06-13T22:15:30 IST" name="fun2" finished-at="2020-06-13T22:15:46 IST" duration-ms="16257" status="PASS">
          <reporter-output>
          </reporter-output>
        </test-method> <!-- fun2 -->
        <test-method is-config="true" signature="teardown()[pri:0, instance:testing_dependency_2.Page2@6497b078]" started-at="2020-06-13T22:15:46 IST" name="teardown" finished-at="2020-06-13T22:15:46 IST" duration-ms="156" status="PASS">
          <reporter-output>
          </reporter-output>
        </test-method> <!-- teardown -->
        <test-method is-config="true" signature="setUp()[pri:0, instance:testing_dependency_2.Page2@6497b078]" started-at="2020-06-13T22:15:46 IST" name="setUp" finished-at="2020-06-13T22:15:47 IST" duration-ms="1351" status="PASS">
          <reporter-output>
          </reporter-output>
        </test-method> <!-- setUp -->
        <test-method signature="fun4()[pri:0, instance:testing_dependency_2.Page2@6497b078]" started-at="2020-06-13T22:15:47 IST" name="fun4" finished-at="2020-06-13T22:16:04 IST" duration-ms="16559" status="PASS">
          <reporter-output>
          </reporter-output>
        </test-method> <!-- fun4 -->
        <test-method is-config="true" signature="teardown()[pri:0, instance:testing_dependency_2.Page2@6497b078]" started-at="2020-06-13T22:16:04 IST" name="teardown" finished-at="2020-06-13T22:16:04 IST" duration-ms="171" status="PASS">
          <reporter-output>
          </reporter-output>
        </test-method> <!-- teardown -->
      </class> <!-- testing_dependency_2.Page2 -->
    </test> <!-- Default test -->
  </suite> <!-- Default suite -->
</testng-results>
