<?xml version="1.0" encoding="UTF-8"?>
<!-- Generated by org.testng.reporters.JUnitXMLReporter -->
<testsuite ignored="0" hostname="mech.local" failures="0" tests="3" name="Default test" time="51.587" errors="0" timestamp="2020-06-13T22:09:45 IST">
  <testcase classname="testing_dependency_2.Page2" name="fun1" time="14.959"/>
  <testcase classname="testing_dependency_2.Page2" name="fun2" time="12.025"/>
  <testcase classname="testing_dependency_2.Page2" name="fun3" time="19.098"/>
</testsuite> <!-- Default test -->
