<?xml version="1.0" encoding="UTF-8"?>
<!-- Generated by org.testng.reporters.JUnitXMLReporter -->
<testsuite ignored="0" hostname="mech.local" failures="0" tests="3" name="Default test" time="35.623" errors="0" timestamp="2020-06-13T22:24:36 IST">
  <testcase classname="testing_dependency_2.Page2" name="fun1" time="9.326"/>
  <testcase classname="testing_dependency_2.Page2" name="fun2" time="8.711"/>
  <testcase classname="testing_dependency_2.Page2" name="fun3" time="12.49"/>
</testsuite> <!-- Default test -->
