<?xml version="1.0" encoding="UTF-8"?>
<!-- Generated by org.testng.reporters.JUnitXMLReporter -->
<testsuite ignored="0" hostname="mech.local" failures="0" tests="3" name="Default test" time="57.032" errors="0" timestamp="2020-06-13T22:16:04 IST">
  <testcase classname="testing_dependency_2.Page2" name="fun1" time="18.868"/>
  <testcase classname="testing_dependency_2.Page2" name="fun2" time="16.257"/>
  <testcase classname="testing_dependency_2.Page2" name="fun4" time="16.559"/>
</testsuite> <!-- Default test -->
